<?xml version="1.0" encoding="UTF-8"?>
<!-- Generated by org.testng.reporters.JUnitReportReporter -->
<testsuite hostname="INAGFFPTEC230W" name="com.fp.core.cheapoair.Promo_Code_Verification" tests="1" failures="0" timestamp="14 Mar 2016 14:54:34 GMT" time="106.116" errors="0">
  <testcase name="Promo_Code_Verify" time="106.116" classname="com.fp.core.cheapoair.Promo_Code_Verification"/>
</testsuite> <!-- com.fp.core.cheapoair.Promo_Code_Verification -->
