<?xml version="1.0" encoding="UTF-8"?>
<!-- Generated by org.testng.reporters.JUnitReportReporter -->
<testsuite hostname="INAGFFPTEC230W" name="com.fp.core.cheapoair.Add_CoTraveler" tests="1" failures="0" timestamp="23 Mar 2016 10:46:08 GMT" time="137.740" errors="0">
  <testcase name="Login" time="137.740" classname="com.fp.core.cheapoair.Add_CoTraveler"/>
</testsuite> <!-- com.fp.core.cheapoair.Add_CoTraveler -->
