<?xml version="1.0" encoding="UTF-8"?>
<!-- Generated by org.testng.reporters.JUnitReportReporter -->
<testsuite hostname="INAGFFPTEC230W" name="com.fp.core.cheapoair.Android_Feedback" tests="1" failures="0" timestamp="14 Mar 2016 13:41:56 GMT" time="46.015" errors="0">
  <testcase name="Android_Feedback_Script" time="46.015" classname="com.fp.core.cheapoair.Android_Feedback"/>
</testsuite> <!-- com.fp.core.cheapoair.Android_Feedback -->
