<?xml version="1.0" encoding="UTF-8"?>
<!-- Generated by org.testng.reporters.JUnitReportReporter -->
<testsuite hostname="INAGFFPTEC230W" name="com.fp.core.cheapoair.Round_Trip" tests="1" failures="0" timestamp="23 Mar 2016 09:57:18 GMT" time="349.413" errors="0">
  <testcase name="Round_Trip_Script" time="349.413" classname="com.fp.core.cheapoair.Round_Trip"/>
</testsuite> <!-- com.fp.core.cheapoair.Round_Trip -->
