<?xml version="1.0" encoding="UTF-8"?>
<!-- Generated by org.testng.reporters.JUnitReportReporter -->
<testsuite hostname="INAGFFPTEC230W" name="com.fp.core.cheapoair.One_Way" tests="1" failures="0" timestamp="23 Mar 2016 09:57:18 GMT" time="288.385" errors="0">
  <testcase name="One_Way_Script" time="288.385" classname="com.fp.core.cheapoair.One_Way"/>
</testsuite> <!-- com.fp.core.cheapoair.One_Way -->
