<?xml version="1.0" encoding="UTF-8"?>
<!-- Generated by org.testng.reporters.JUnitReportReporter -->
<testsuite hostname="INAGFFPTEC230W" name="com.fp.core.cheapoair.Car_Booking" tests="1" failures="0" timestamp="23 Mar 2016 09:57:18 GMT" time="241.276" errors="0">
  <testcase name="Car_Script" time="241.276" classname="com.fp.core.cheapoair.Car_Booking"/>
</testsuite> <!-- com.fp.core.cheapoair.Car_Booking -->
