<?xml version="1.0" encoding="UTF-8"?>
<!-- Generated by org.testng.reporters.JUnitReportReporter -->
<testsuite hostname="INAGFFPTEC230W" name="com.fp.core.cheapoair.Sign_In" tests="1" failures="0" timestamp="23 Mar 2016 10:20:33 GMT" time="34.761" errors="0">
  <testcase name="Login" time="34.761" classname="com.fp.core.cheapoair.Sign_In"/>
</testsuite> <!-- com.fp.core.cheapoair.Sign_In -->
