<?xml version="1.0" encoding="UTF-8"?>
<!-- Generated by org.testng.reporters.JUnitReportReporter -->
<testsuite hostname="INAGFFPTEC230W" name="com.fp.core.cheapoair.Delete_CoTraveler" tests="1" failures="0" timestamp="23 Mar 2016 10:49:58 GMT" time="58.401" errors="0">
  <testcase name="Del_Cotraveler" time="58.401" classname="com.fp.core.cheapoair.Delete_CoTraveler"/>
</testsuite> <!-- com.fp.core.cheapoair.Delete_CoTraveler -->
