<?xml version="1.0" encoding="UTF-8"?>
<!-- Generated by org.testng.reporters.JUnitReportReporter -->
<testsuite hostname="INAGFFPTEC230W" name="com.fp.core.cheapoair.One_Way" tests="1" failures="0" timestamp="14 Mar 2016 13:41:56 GMT" time="441.211" errors="0">
  <testcase name="One_Way_Script" time="441.211" classname="com.fp.core.cheapoair.One_Way"/>
</testsuite> <!-- com.fp.core.cheapoair.One_Way -->
