<?xml version="1.0" encoding="UTF-8"?>
<!-- Generated by org.testng.reporters.JUnitReportReporter -->
<testsuite hostname="INAGFFPTEC230W" name="com.fp.core.cheapoair.Sign_In" tests="1" failures="0" timestamp="14 Mar 2016 13:41:56 GMT" time="44.060" errors="0">
  <testcase name="Login" time="44.060" classname="com.fp.core.cheapoair.Sign_In"/>
</testsuite> <!-- com.fp.core.cheapoair.Sign_In -->
