<?xml version="1.0" encoding="UTF-8"?>
<!-- Generated by org.testng.reporters.JUnitReportReporter -->
<testsuite hostname="INAGFFPTEC230W" name="com.fp.core.cheapoair.Promo_Code_Verification" tests="1" failures="0" timestamp="23 Mar 2016 10:20:33 GMT" time="98.767" errors="0">
  <testcase name="Promo_Code_Verify" time="98.767" classname="com.fp.core.cheapoair.Promo_Code_Verification"/>
</testsuite> <!-- com.fp.core.cheapoair.Promo_Code_Verification -->
