<?xml version="1.0" encoding="UTF-8"?>
<!-- Generated by org.testng.reporters.JUnitReportReporter -->
<testsuite hostname="INAGFFPTEC230W" name="com.fp.core.cheapoair.Android_Feedback" tests="1" failures="0" timestamp="23 Mar 2016 10:20:33 GMT" time="48.530" errors="0">
  <testcase name="Android_Feedback_Script" time="48.530" classname="com.fp.core.cheapoair.Android_Feedback"/>
</testsuite> <!-- com.fp.core.cheapoair.Android_Feedback -->
