<?xml version="1.0" encoding="UTF-8"?>
<!-- Generated by org.testng.reporters.JUnitReportReporter -->
<testsuite hostname="INAGFFPTEC230W" name="com.fp.core.cheapoair.Total_Price_Check" tests="1" failures="0" timestamp="23 Mar 2016 11:03:36 GMT" time="89.642" errors="0">
  <testcase name="Total_Price_Script" time="89.642" classname="com.fp.core.cheapoair.Total_Price_Check"/>
</testsuite> <!-- com.fp.core.cheapoair.Total_Price_Check -->
