<?xml version="1.0" encoding="UTF-8"?>
<!-- Generated by org.testng.reporters.JUnitReportReporter -->
<testsuite hostname="INAGFFPTEC230W" name="com.fp.core.cheapoair.Check_My_Booking" tests="1" failures="0" timestamp="23 Mar 2016 09:57:18 GMT" time="74.960" errors="0">
  <testcase name="Check_Booking" time="74.960" classname="com.fp.core.cheapoair.Check_My_Booking"/>
</testsuite> <!-- com.fp.core.cheapoair.Check_My_Booking -->
