<?xml version="1.0" encoding="UTF-8"?>
<!-- Generated by org.testng.reporters.JUnitReportReporter -->
<testsuite hostname="INAGFFPTEC230W" name="com.fp.core.cheapoair.Round_Trip" tests="1" failures="0" timestamp="14 Mar 2016 13:41:56 GMT" time="432.422" errors="0">
  <testcase name="Round_Trip_Script" time="432.422" classname="com.fp.core.cheapoair.Round_Trip"/>
</testsuite> <!-- com.fp.core.cheapoair.Round_Trip -->
