<?xml version="1.0" encoding="UTF-8"?>
<!-- Generated by org.testng.reporters.JUnitReportReporter -->
<testsuite hostname="INAGFFPTEC232W" name="Demo_Version" tests="1" failures="0" timestamp="20 Nov 2015 14:37:11 GMT" time="15.140" errors="0">
  <testcase name="testapp1" time="15.140" classname="Demo_Version"/>
</testsuite> <!-- Demo_Version -->
