<?xml version="1.0" encoding="UTF-8"?>
<!-- Generated by org.testng.reporters.JUnitReportReporter -->
<testsuite hostname="INAGFFPTEC098W" name="com.fp.example.excelrun" tests="1" failures="0" timestamp="1 Jun 2015 13:14:45 GMT" time="0.951" errors="0">
  <testcase name="login1" time="0.951" classname="com.fp.example.excelrun"/>
</testsuite> <!-- com.fp.example.excelrun -->
