<?xml version="1.0" encoding="UTF-8"?>
<!-- Generated by org.testng.reporters.JUnitReportReporter -->
<testsuite hostname="INAGFFPTEC098W" name="com.fp.example.Android_Feedback" tests="1" failures="0" timestamp="11 Jun 2015 08:29:17 GMT" time="28.984" errors="0">
  <testcase name="Feedback_Android" time="28.984" classname="com.fp.example.Android_Feedback"/>
</testsuite> <!-- com.fp.example.Android_Feedback -->
