<?xml version="1.0" encoding="UTF-8"?>
<!-- Generated by org.testng.reporters.JUnitReportReporter -->
<testsuite hostname="INAGFFPTEC098W" name="com.fp.example.bTotal_Price_Check" tests="1" failures="0" timestamp="5 Jun 2015 12:19:31 GMT" time="61.396" errors="0">
  <testcase name="Price_Check1" time="61.396" classname="com.fp.example.bTotal_Price_Check"/>
</testsuite> <!-- com.fp.example.bTotal_Price_Check -->
