<?xml version="1.0" encoding="UTF-8"?>
<!-- Generated by org.testng.reporters.JUnitReportReporter -->
<testsuite hostname="INAGFFPTEC098W" name="com.fp.example.Total_Price_Check" tests="1" failures="0" timestamp="5 Jun 2015 15:16:12 GMT" time="76.376" errors="0">
  <testcase name="Price_Check1" time="76.376" classname="com.fp.example.Total_Price_Check"/>
</testsuite> <!-- com.fp.example.Total_Price_Check -->
